--- Job RBC_SCEQ.gms Start 03/28/22 12:31:38 38.1.0 a1a3b545 DEX-DEG x86 64bit/Mac OS X
--- Applying:
    /Library/Frameworks/GAMS.framework/Versions/38/Resources/gmsprmun.txt
--- GAMS Parameters defined
    Input /Users/patrickocal_mchome/Documents/_uq-aibe/spir-oz/code/cai-judd-gams/RBC_Case2/RBC_SCEQ.gms
    PageSize 0
    ScrDir /Users/patrickocal_mchome/Documents/_uq-aibe/spir-oz/code/cai-judd-gams/RBC_Case2/225a/
    SysDir /Library/Frameworks/GAMS.framework/Versions/38/Resources/
    LogOption 3
    ErrMsg 1
    ErrorLog 99
    IDE 1
    LstTitleLeftAligned 1
Licensee: GAMS Demo license for Patrick OCallaghan       G220215|0002CO-GEN
          University of Queensland, Australia                      DL060418
          /Users/patrickocal_mchome/Library/Application Support/GAMS/gamslice.txt
          p.ocallaghan@uq.edu.au, Patrick OCallaghan                       
          Demo license for demonstration and instructional purposes only
Processor information: 1 socket(s), 6 core(s), and 6 thread(s) available
GAMS 38.1.0   Copyright (C) 1987-2022 GAMS Development. All rights reserved
--- Starting compilation
--- RBC_SCEQ.gms(8) 2 Mb
--- . RBC_SCEQ_common.gms(62) 3 Mb 3 Errors
*** Error 120 in /Users/patrickocal_mchome/Documents/_uq-aibe/spir-oz/code/cai-judd-gams/RBC_Case2/RBC_SCEQ_common.gms
    Unknown identifier entered as set
*** Error 340 in /Users/patrickocal_mchome/Documents/_uq-aibe/spir-oz/code/cai-judd-gams/RBC_Case2/RBC_SCEQ_common.gms
    A label/element with the same name exist. You may have forgotten
       to quote a label/element reference. For example,
       set i / a,b,c /; parameter x(i); x('a') = 10;
*** Error 148 in /Users/patrickocal_mchome/Documents/_uq-aibe/spir-oz/code/cai-judd-gams/RBC_Case2/RBC_SCEQ_common.gms
    Dimension different - The symbol is referenced with more/less
       indices as declared
--- . RBC_SCEQ_common.gms(93) 3 Mb 5 Errors
*** Error 149 in /Users/patrickocal_mchome/Documents/_uq-aibe/spir-oz/code/cai-judd-gams/RBC_Case2/RBC_SCEQ_common.gms
    Uncontrolled set entered as constant
*** Error 149 in /Users/patrickocal_mchome/Documents/_uq-aibe/spir-oz/code/cai-judd-gams/RBC_Case2/RBC_SCEQ_common.gms
    Uncontrolled set entered as constant
--- . RBC_SCEQ_common.gms(95) 3 Mb 6 Errors
*** Error 408 in /Users/patrickocal_mchome/Documents/_uq-aibe/spir-oz/code/cai-judd-gams/RBC_Case2/RBC_SCEQ_common.gms
    Too many ),] or }
--- . RBC_SCEQ_common.gms(96) 3 Mb 7 Errors
*** Error 409 in /Users/patrickocal_mchome/Documents/_uq-aibe/spir-oz/code/cai-judd-gams/RBC_Case2/RBC_SCEQ_common.gms
    Unrecognizable item - skip to find a new statement
      looking for a ';' or a key word to get started again
--- . RBC_SCEQ_common.gms(102) 3 Mb 9 Errors
*** Error 171 in /Users/patrickocal_mchome/Documents/_uq-aibe/spir-oz/code/cai-judd-gams/RBC_Case2/RBC_SCEQ_common.gms
    Domain violation for set
*** Error 148 in /Users/patrickocal_mchome/Documents/_uq-aibe/spir-oz/code/cai-judd-gams/RBC_Case2/RBC_SCEQ_common.gms
    Dimension different - The symbol is referenced with more/less
       indices as declared
--- . RBC_SCEQ_common.gms(103) 3 Mb 15 Errors
*** Error 171 in /Users/patrickocal_mchome/Documents/_uq-aibe/spir-oz/code/cai-judd-gams/RBC_Case2/RBC_SCEQ_common.gms
    Domain violation for set
*** Error 148 in /Users/patrickocal_mchome/Documents/_uq-aibe/spir-oz/code/cai-judd-gams/RBC_Case2/RBC_SCEQ_common.gms
    Dimension different - The symbol is referenced with more/less
       indices as declared
*** Error 171 in /Users/patrickocal_mchome/Documents/_uq-aibe/spir-oz/code/cai-judd-gams/RBC_Case2/RBC_SCEQ_common.gms
    Domain violation for set
*** Error 148 in /Users/patrickocal_mchome/Documents/_uq-aibe/spir-oz/code/cai-judd-gams/RBC_Case2/RBC_SCEQ_common.gms
    Dimension different - The symbol is referenced with more/less
       indices as declared
*** Error 171 in /Users/patrickocal_mchome/Documents/_uq-aibe/spir-oz/code/cai-judd-gams/RBC_Case2/RBC_SCEQ_common.gms
    Domain violation for set
*** Error 148 in /Users/patrickocal_mchome/Documents/_uq-aibe/spir-oz/code/cai-judd-gams/RBC_Case2/RBC_SCEQ_common.gms
    Dimension different - The symbol is referenced with more/less
       indices as declared
--- . RBC_SCEQ_common.gms(105) 3 Mb 17 Errors
*** Error 171 in /Users/patrickocal_mchome/Documents/_uq-aibe/spir-oz/code/cai-judd-gams/RBC_Case2/RBC_SCEQ_common.gms
    Domain violation for set
*** Error 148 in /Users/patrickocal_mchome/Documents/_uq-aibe/spir-oz/code/cai-judd-gams/RBC_Case2/RBC_SCEQ_common.gms
    Dimension different - The symbol is referenced with more/less
       indices as declared
--- . RBC_SCEQ_common.gms(106) 3 Mb 32 Errors
*** Error 171 in /Users/patrickocal_mchome/Documents/_uq-aibe/spir-oz/code/cai-judd-gams/RBC_Case2/RBC_SCEQ_common.gms
    Domain violation for set
*** Error 148 in /Users/patrickocal_mchome/Documents/_uq-aibe/spir-oz/code/cai-judd-gams/RBC_Case2/RBC_SCEQ_common.gms
    Dimension different - The symbol is referenced with more/less
       indices as declared
*** Error 171 in /Users/patrickocal_mchome/Documents/_uq-aibe/spir-oz/code/cai-judd-gams/RBC_Case2/RBC_SCEQ_common.gms
    Domain violation for set
*** Error 148 in /Users/patrickocal_mchome/Documents/_uq-aibe/spir-oz/code/cai-judd-gams/RBC_Case2/RBC_SCEQ_common.gms
    Dimension different - The symbol is referenced with more/less
       indices as declared
*** Error 171 in /Users/patrickocal_mchome/Documents/_uq-aibe/spir-oz/code/cai-judd-gams/RBC_Case2/RBC_SCEQ_common.gms
    Domain violation for set
*** Error 148 in /Users/patrickocal_mchome/Documents/_uq-aibe/spir-oz/code/cai-judd-gams/RBC_Case2/RBC_SCEQ_common.gms
    Dimension different - The symbol is referenced with more/less
       indices as declared
*** Error 171 in /Users/patrickocal_mchome/Documents/_uq-aibe/spir-oz/code/cai-judd-gams/RBC_Case2/RBC_SCEQ_common.gms
    Domain violation for set
*** Error 148 in /Users/patrickocal_mchome/Documents/_uq-aibe/spir-oz/code/cai-judd-gams/RBC_Case2/RBC_SCEQ_common.gms
    Dimension different - The symbol is referenced with more/less
       indices as declared
*** Error 171 in /Users/patrickocal_mchome/Documents/_uq-aibe/spir-oz/code/cai-judd-gams/RBC_Case2/RBC_SCEQ_common.gms
    Domain violation for set
*** Error 300 in /Users/patrickocal_mchome/Documents/_uq-aibe/spir-oz/code/cai-judd-gams/RBC_Case2/RBC_SCEQ_common.gms
    Remaining errors not printed for this line
--- . RBC_SCEQ_common.gms(108) 3 Mb 34 Errors
*** Error 171 in /Users/patrickocal_mchome/Documents/_uq-aibe/spir-oz/code/cai-judd-gams/RBC_Case2/RBC_SCEQ_common.gms
    Domain violation for set
*** Error 148 in /Users/patrickocal_mchome/Documents/_uq-aibe/spir-oz/code/cai-judd-gams/RBC_Case2/RBC_SCEQ_common.gms
    Dimension different - The symbol is referenced with more/less
       indices as declared
--- . RBC_SCEQ_common.gms(109) 3 Mb 49 Errors
*** Error 171 in /Users/patrickocal_mchome/Documents/_uq-aibe/spir-oz/code/cai-judd-gams/RBC_Case2/RBC_SCEQ_common.gms
    Domain violation for set
*** Error 148 in /Users/patrickocal_mchome/Documents/_uq-aibe/spir-oz/code/cai-judd-gams/RBC_Case2/RBC_SCEQ_common.gms
    Dimension different - The symbol is referenced with more/less
       indices as declared
*** Error 171 in /Users/patrickocal_mchome/Documents/_uq-aibe/spir-oz/code/cai-judd-gams/RBC_Case2/RBC_SCEQ_common.gms
    Domain violation for set
*** Error 148 in /Users/patrickocal_mchome/Documents/_uq-aibe/spir-oz/code/cai-judd-gams/RBC_Case2/RBC_SCEQ_common.gms
    Dimension different - The symbol is referenced with more/less
       indices as declared
*** Error 171 in /Users/patrickocal_mchome/Documents/_uq-aibe/spir-oz/code/cai-judd-gams/RBC_Case2/RBC_SCEQ_common.gms
    Domain violation for set
*** Error 148 in /Users/patrickocal_mchome/Documents/_uq-aibe/spir-oz/code/cai-judd-gams/RBC_Case2/RBC_SCEQ_common.gms
    Dimension different - The symbol is referenced with more/less
       indices as declared
*** Error 171 in /Users/patrickocal_mchome/Documents/_uq-aibe/spir-oz/code/cai-judd-gams/RBC_Case2/RBC_SCEQ_common.gms
    Domain violation for set
*** Error 148 in /Users/patrickocal_mchome/Documents/_uq-aibe/spir-oz/code/cai-judd-gams/RBC_Case2/RBC_SCEQ_common.gms
    Dimension different - The symbol is referenced with more/less
       indices as declared
*** Error 171 in /Users/patrickocal_mchome/Documents/_uq-aibe/spir-oz/code/cai-judd-gams/RBC_Case2/RBC_SCEQ_common.gms
    Domain violation for set
*** Error 300 in /Users/patrickocal_mchome/Documents/_uq-aibe/spir-oz/code/cai-judd-gams/RBC_Case2/RBC_SCEQ_common.gms
    Remaining errors not printed for this line
--- . RBC_SCEQ_common.gms(112) 3 Mb 51 Errors
*** Error 171 in /Users/patrickocal_mchome/Documents/_uq-aibe/spir-oz/code/cai-judd-gams/RBC_Case2/RBC_SCEQ_common.gms
    Domain violation for set
*** Error 148 in /Users/patrickocal_mchome/Documents/_uq-aibe/spir-oz/code/cai-judd-gams/RBC_Case2/RBC_SCEQ_common.gms
    Dimension different - The symbol is referenced with more/less
       indices as declared
--- . RBC_SCEQ_common.gms(113) 3 Mb 53 Errors
*** Error 171 in /Users/patrickocal_mchome/Documents/_uq-aibe/spir-oz/code/cai-judd-gams/RBC_Case2/RBC_SCEQ_common.gms
    Domain violation for set
*** Error 148 in /Users/patrickocal_mchome/Documents/_uq-aibe/spir-oz/code/cai-judd-gams/RBC_Case2/RBC_SCEQ_common.gms
    Dimension different - The symbol is referenced with more/less
       indices as declared
--- . RBC_SCEQ_common.gms(114) 3 Mb 55 Errors
*** Error 171 in /Users/patrickocal_mchome/Documents/_uq-aibe/spir-oz/code/cai-judd-gams/RBC_Case2/RBC_SCEQ_common.gms
    Domain violation for set
*** Error 148 in /Users/patrickocal_mchome/Documents/_uq-aibe/spir-oz/code/cai-judd-gams/RBC_Case2/RBC_SCEQ_common.gms
    Dimension different - The symbol is referenced with more/less
       indices as declared
--- . RBC_SCEQ_common.gms(115) 3 Mb 57 Errors
*** Error 171 in /Users/patrickocal_mchome/Documents/_uq-aibe/spir-oz/code/cai-judd-gams/RBC_Case2/RBC_SCEQ_common.gms
    Domain violation for set
*** Error 148 in /Users/patrickocal_mchome/Documents/_uq-aibe/spir-oz/code/cai-judd-gams/RBC_Case2/RBC_SCEQ_common.gms
    Dimension different - The symbol is referenced with more/less
       indices as declared
--- . RBC_SCEQ_common.gms(116) 3 Mb 59 Errors
*** Error 171 in /Users/patrickocal_mchome/Documents/_uq-aibe/spir-oz/code/cai-judd-gams/RBC_Case2/RBC_SCEQ_common.gms
    Domain violation for set
*** Error 148 in /Users/patrickocal_mchome/Documents/_uq-aibe/spir-oz/code/cai-judd-gams/RBC_Case2/RBC_SCEQ_common.gms
    Dimension different - The symbol is referenced with more/less
       indices as declared
--- . RBC_SCEQ_common.gms(117) 3 Mb 61 Errors
*** Error 171 in /Users/patrickocal_mchome/Documents/_uq-aibe/spir-oz/code/cai-judd-gams/RBC_Case2/RBC_SCEQ_common.gms
    Domain violation for set
*** Error 148 in /Users/patrickocal_mchome/Documents/_uq-aibe/spir-oz/code/cai-judd-gams/RBC_Case2/RBC_SCEQ_common.gms
    Dimension different - The symbol is referenced with more/less
       indices as declared
--- . RBC_SCEQ_common.gms(118) 3 Mb 63 Errors
*** Error 171 in /Users/patrickocal_mchome/Documents/_uq-aibe/spir-oz/code/cai-judd-gams/RBC_Case2/RBC_SCEQ_common.gms
    Domain violation for set
*** Error 148 in /Users/patrickocal_mchome/Documents/_uq-aibe/spir-oz/code/cai-judd-gams/RBC_Case2/RBC_SCEQ_common.gms
    Dimension different - The symbol is referenced with more/less
       indices as declared
--- . RBC_SCEQ_common.gms(122) 3 Mb 65 Errors
*** Error 171 in /Users/patrickocal_mchome/Documents/_uq-aibe/spir-oz/code/cai-judd-gams/RBC_Case2/RBC_SCEQ_common.gms
    Domain violation for set
*** Error 148 in /Users/patrickocal_mchome/Documents/_uq-aibe/spir-oz/code/cai-judd-gams/RBC_Case2/RBC_SCEQ_common.gms
    Dimension different - The symbol is referenced with more/less
       indices as declared
--- . RBC_SCEQ_common.gms(123) 3 Mb 67 Errors
*** Error 171 in /Users/patrickocal_mchome/Documents/_uq-aibe/spir-oz/code/cai-judd-gams/RBC_Case2/RBC_SCEQ_common.gms
    Domain violation for set
*** Error 148 in /Users/patrickocal_mchome/Documents/_uq-aibe/spir-oz/code/cai-judd-gams/RBC_Case2/RBC_SCEQ_common.gms
    Dimension different - The symbol is referenced with more/less
       indices as declared
--- . RBC_SCEQ_common.gms(124) 3 Mb 69 Errors
*** Error 171 in /Users/patrickocal_mchome/Documents/_uq-aibe/spir-oz/code/cai-judd-gams/RBC_Case2/RBC_SCEQ_common.gms
    Domain violation for set
*** Error 148 in /Users/patrickocal_mchome/Documents/_uq-aibe/spir-oz/code/cai-judd-gams/RBC_Case2/RBC_SCEQ_common.gms
    Dimension different - The symbol is referenced with more/less
       indices as declared
--- . RBC_SCEQ_common.gms(125) 3 Mb 71 Errors
*** Error 171 in /Users/patrickocal_mchome/Documents/_uq-aibe/spir-oz/code/cai-judd-gams/RBC_Case2/RBC_SCEQ_common.gms
    Domain violation for set
*** Error 148 in /Users/patrickocal_mchome/Documents/_uq-aibe/spir-oz/code/cai-judd-gams/RBC_Case2/RBC_SCEQ_common.gms
    Dimension different - The symbol is referenced with more/less
       indices as declared
--- . RBC_SCEQ_common.gms(126) 3 Mb 75 Errors
*** Error 171 in /Users/patrickocal_mchome/Documents/_uq-aibe/spir-oz/code/cai-judd-gams/RBC_Case2/RBC_SCEQ_common.gms
    Domain violation for set
*** Error 148 in /Users/patrickocal_mchome/Documents/_uq-aibe/spir-oz/code/cai-judd-gams/RBC_Case2/RBC_SCEQ_common.gms
    Dimension different - The symbol is referenced with more/less
       indices as declared
*** Error 171 in /Users/patrickocal_mchome/Documents/_uq-aibe/spir-oz/code/cai-judd-gams/RBC_Case2/RBC_SCEQ_common.gms
    Domain violation for set
*** Error 148 in /Users/patrickocal_mchome/Documents/_uq-aibe/spir-oz/code/cai-judd-gams/RBC_Case2/RBC_SCEQ_common.gms
    Dimension different - The symbol is referenced with more/less
       indices as declared
--- . RBC_SCEQ_common.gms(127) 3 Mb 77 Errors
*** Error 171 in /Users/patrickocal_mchome/Documents/_uq-aibe/spir-oz/code/cai-judd-gams/RBC_Case2/RBC_SCEQ_common.gms
    Domain violation for set
*** Error 148 in /Users/patrickocal_mchome/Documents/_uq-aibe/spir-oz/code/cai-judd-gams/RBC_Case2/RBC_SCEQ_common.gms
    Dimension different - The symbol is referenced with more/less
       indices as declared
--- . RBC_SCEQ_common.gms(138) 3 Mb
--- RBC_SCEQ.gms(45) 3 Mb 79 Errors
*** Error 171 in /Users/patrickocal_mchome/Documents/_uq-aibe/spir-oz/code/cai-judd-gams/RBC_Case2/RBC_SCEQ.gms
    Domain violation for set
*** Error 148 in /Users/patrickocal_mchome/Documents/_uq-aibe/spir-oz/code/cai-judd-gams/RBC_Case2/RBC_SCEQ.gms
    Dimension different - The symbol is referenced with more/less
       indices as declared
--- RBC_SCEQ.gms(51) 3 Mb 80 Errors
*** Error 257 in /Users/patrickocal_mchome/Documents/_uq-aibe/spir-oz/code/cai-judd-gams/RBC_Case2/RBC_SCEQ.gms
    Solve statement not checked because of previous errors
--- RBC_SCEQ.gms(58) 3 Mb 82 Errors
*** Error 171 in /Users/patrickocal_mchome/Documents/_uq-aibe/spir-oz/code/cai-judd-gams/RBC_Case2/RBC_SCEQ.gms
    Domain violation for set
*** Error 148 in /Users/patrickocal_mchome/Documents/_uq-aibe/spir-oz/code/cai-judd-gams/RBC_Case2/RBC_SCEQ.gms
    Dimension different - The symbol is referenced with more/less
       indices as declared
--- RBC_SCEQ.gms(59) 3 Mb 84 Errors
*** Error 171 in /Users/patrickocal_mchome/Documents/_uq-aibe/spir-oz/code/cai-judd-gams/RBC_Case2/RBC_SCEQ.gms
    Domain violation for set
*** Error 148 in /Users/patrickocal_mchome/Documents/_uq-aibe/spir-oz/code/cai-judd-gams/RBC_Case2/RBC_SCEQ.gms
    Dimension different - The symbol is referenced with more/less
       indices as declared
--- RBC_SCEQ.gms(60) 3 Mb 86 Errors
*** Error 171 in /Users/patrickocal_mchome/Documents/_uq-aibe/spir-oz/code/cai-judd-gams/RBC_Case2/RBC_SCEQ.gms
    Domain violation for set
*** Error 148 in /Users/patrickocal_mchome/Documents/_uq-aibe/spir-oz/code/cai-judd-gams/RBC_Case2/RBC_SCEQ.gms
    Dimension different - The symbol is referenced with more/less
       indices as declared
--- RBC_SCEQ.gms(61) 3 Mb 89 Errors
*** Error 141 in /Users/patrickocal_mchome/Documents/_uq-aibe/spir-oz/code/cai-judd-gams/RBC_Case2/RBC_SCEQ.gms
    Symbol declared but no values have been assigned. Check for missing
       data definition, assignment, data loading or implicit assignment
       via a solve statement.
       A wild shot: You may have spurious commas in the explanatory
       text of a declaration. Check symbol reference list.
*** Error 171 in /Users/patrickocal_mchome/Documents/_uq-aibe/spir-oz/code/cai-judd-gams/RBC_Case2/RBC_SCEQ.gms
    Domain violation for set
*** Error 148 in /Users/patrickocal_mchome/Documents/_uq-aibe/spir-oz/code/cai-judd-gams/RBC_Case2/RBC_SCEQ.gms
    Dimension different - The symbol is referenced with more/less
       indices as declared
--- RBC_SCEQ.gms(62) 3 Mb 92 Errors
*** Error 141 in /Users/patrickocal_mchome/Documents/_uq-aibe/spir-oz/code/cai-judd-gams/RBC_Case2/RBC_SCEQ.gms
    Symbol declared but no values have been assigned. Check for missing
       data definition, assignment, data loading or implicit assignment
       via a solve statement.
       A wild shot: You may have spurious commas in the explanatory
       text of a declaration. Check symbol reference list.
*** Error 171 in /Users/patrickocal_mchome/Documents/_uq-aibe/spir-oz/code/cai-judd-gams/RBC_Case2/RBC_SCEQ.gms
    Domain violation for set
*** Error 148 in /Users/patrickocal_mchome/Documents/_uq-aibe/spir-oz/code/cai-judd-gams/RBC_Case2/RBC_SCEQ.gms
    Dimension different - The symbol is referenced with more/less
       indices as declared
--- RBC_SCEQ.gms(69) 3 Mb 94 Errors
*** Error 171 in /Users/patrickocal_mchome/Documents/_uq-aibe/spir-oz/code/cai-judd-gams/RBC_Case2/RBC_SCEQ.gms
    Domain violation for set
*** Error 148 in /Users/patrickocal_mchome/Documents/_uq-aibe/spir-oz/code/cai-judd-gams/RBC_Case2/RBC_SCEQ.gms
    Dimension different - The symbol is referenced with more/less
       indices as declared
--- RBC_SCEQ.gms(70) 3 Mb 96 Errors
*** Error 171 in /Users/patrickocal_mchome/Documents/_uq-aibe/spir-oz/code/cai-judd-gams/RBC_Case2/RBC_SCEQ.gms
    Domain violation for set
*** Error 148 in /Users/patrickocal_mchome/Documents/_uq-aibe/spir-oz/code/cai-judd-gams/RBC_Case2/RBC_SCEQ.gms
    Dimension different - The symbol is referenced with more/less
       indices as declared
--- RBC_SCEQ.gms(82) 3 Mb 98 Errors
*** Error 171 in /Users/patrickocal_mchome/Documents/_uq-aibe/spir-oz/code/cai-judd-gams/RBC_Case2/RBC_SCEQ.gms
    Domain violation for set
*** Error 148 in /Users/patrickocal_mchome/Documents/_uq-aibe/spir-oz/code/cai-judd-gams/RBC_Case2/RBC_SCEQ.gms
    Dimension different - The symbol is referenced with more/less
       indices as declared
--- RBC_SCEQ.gms(85) 3 Mb 99 Errors
*** Error 257 in /Users/patrickocal_mchome/Documents/_uq-aibe/spir-oz/code/cai-judd-gams/RBC_Case2/RBC_SCEQ.gms
    Solve statement not checked because of previous errors
--- RBC_SCEQ.gms(92) 3 Mb 101 Errors
*** Error 171 in /Users/patrickocal_mchome/Documents/_uq-aibe/spir-oz/code/cai-judd-gams/RBC_Case2/RBC_SCEQ.gms
    Domain violation for set
*** Error 148 in /Users/patrickocal_mchome/Documents/_uq-aibe/spir-oz/code/cai-judd-gams/RBC_Case2/RBC_SCEQ.gms
    Dimension different - The symbol is referenced with more/less
       indices as declared
--- RBC_SCEQ.gms(93) 3 Mb 103 Errors
*** Error 171 in /Users/patrickocal_mchome/Documents/_uq-aibe/spir-oz/code/cai-judd-gams/RBC_Case2/RBC_SCEQ.gms
    Domain violation for set
*** Error 148 in /Users/patrickocal_mchome/Documents/_uq-aibe/spir-oz/code/cai-judd-gams/RBC_Case2/RBC_SCEQ.gms
    Dimension different - The symbol is referenced with more/less
       indices as declared
--- RBC_SCEQ.gms(94) 3 Mb 105 Errors
*** Error 171 in /Users/patrickocal_mchome/Documents/_uq-aibe/spir-oz/code/cai-judd-gams/RBC_Case2/RBC_SCEQ.gms
    Domain violation for set
*** Error 148 in /Users/patrickocal_mchome/Documents/_uq-aibe/spir-oz/code/cai-judd-gams/RBC_Case2/RBC_SCEQ.gms
    Dimension different - The symbol is referenced with more/less
       indices as declared
--- RBC_SCEQ.gms(95) 3 Mb 107 Errors
*** Error 171 in /Users/patrickocal_mchome/Documents/_uq-aibe/spir-oz/code/cai-judd-gams/RBC_Case2/RBC_SCEQ.gms
    Domain violation for set
*** Error 148 in /Users/patrickocal_mchome/Documents/_uq-aibe/spir-oz/code/cai-judd-gams/RBC_Case2/RBC_SCEQ.gms
    Dimension different - The symbol is referenced with more/less
       indices as declared
--- RBC_SCEQ.gms(96) 3 Mb 109 Errors
*** Error 171 in /Users/patrickocal_mchome/Documents/_uq-aibe/spir-oz/code/cai-judd-gams/RBC_Case2/RBC_SCEQ.gms
    Domain violation for set
*** Error 148 in /Users/patrickocal_mchome/Documents/_uq-aibe/spir-oz/code/cai-judd-gams/RBC_Case2/RBC_SCEQ.gms
    Dimension different - The symbol is referenced with more/less
       indices as declared
--- RBC_SCEQ.gms(97) 3 Mb 111 Errors
*** Error 171 in /Users/patrickocal_mchome/Documents/_uq-aibe/spir-oz/code/cai-judd-gams/RBC_Case2/RBC_SCEQ.gms
    Domain violation for set
*** Error 148 in /Users/patrickocal_mchome/Documents/_uq-aibe/spir-oz/code/cai-judd-gams/RBC_Case2/RBC_SCEQ.gms
    Dimension different - The symbol is referenced with more/less
       indices as declared
--- RBC_SCEQ.gms(100) 3 Mb 113 Errors
*** Error 171 in /Users/patrickocal_mchome/Documents/_uq-aibe/spir-oz/code/cai-judd-gams/RBC_Case2/RBC_SCEQ.gms
    Domain violation for set
*** Error 148 in /Users/patrickocal_mchome/Documents/_uq-aibe/spir-oz/code/cai-judd-gams/RBC_Case2/RBC_SCEQ.gms
    Dimension different - The symbol is referenced with more/less
       indices as declared
--- RBC_SCEQ.gms(101) 3 Mb 115 Errors
*** Error 171 in /Users/patrickocal_mchome/Documents/_uq-aibe/spir-oz/code/cai-judd-gams/RBC_Case2/RBC_SCEQ.gms
    Domain violation for set
*** Error 148 in /Users/patrickocal_mchome/Documents/_uq-aibe/spir-oz/code/cai-judd-gams/RBC_Case2/RBC_SCEQ.gms
    Dimension different - The symbol is referenced with more/less
       indices as declared
--- RBC_SCEQ.gms(207) 3 Mb 115 Errors
*** Status: Compilation error(s)
--- Job RBC_SCEQ.gms Stop 03/28/22 12:31:38 elapsed 0:00:00.049
